# JRE version: Java(TM) SE Runtime Environment (21.0.3+7) (build 21.0.3+7-LTS-152)
# Java VM: Java HotSpot(TM) 64-Bit Server VM (21.0.3+7-LTS-152, mixed mode, sharing, tiered, compressed oops, compressed class ptrs, g1 gc, windows-amd64)
GC Precious Log:
 CardTable entry size: 512
 Card Set container configuration: InlinePtr #cards 5 size 8 Array Of Cards #cards 12 size 40 Howl #buckets 4 coarsen threshold 1843 Howl Bitmap #cards 512 size 80 coarsen threshold 460 Card regions per heap region 1 cards per card region 2048
 CPUs: 12 total, 12 available
 Memory: 7531M
 Large Page Support: Disabled
 NUMA Support: Disabled
 Compressed Oops: Enabled (32-bit)
 Heap Region Size: 1M
 Heap Min Capacity: 8M
 Heap Initial Capacity: 118M
 Heap Max Capacity: 1884M
 Pre-touch: Disabled
 Parallel Workers: 10
 Concurrent Workers: 3
 Concurrent Refinement Workers: 10
 Periodic GC: Disabled
Heap:
 garbage-first heap   total 130048K, used 79436K [0x000000008a400000, 0x0000000100000000)
  region size 1024K, 5 young (5120K), 5 survivors (5120K)
 Metaspace       used 80800K, committed 81472K, reserved 1179648K
  class space    used 10895K, committed 11200K, reserved 1048576K
GC Heap History (20 events):
Event: 8.469 GC heap after
{Heap after GC invocations=16 (full 0):
 garbage-first heap   total 70656K, used 32690K [0x000000008a400000, 0x0000000100000000)
  region size 1024K, 2 young (2048K), 2 survivors (2048K)
 Metaspace       used 65201K, committed 65792K, reserved 1114112K
  class space    used 8527K, committed 8768K, reserved 1048576K
}
Event: 10.941 GC heap before
{Heap before GC invocations=16 (full 0):
 garbage-first heap   total 70656K, used 62386K [0x000000008a400000, 0x0000000100000000)
  region size 1024K, 31 young (31744K), 2 survivors (2048K)
 Metaspace       used 70812K, committed 71552K, reserved 1114112K
  class space    used 9254K, committed 9600K, reserved 1048576K
}
Event: 10.945 GC heap after
{Heap after GC invocations=17 (full 0):
 garbage-first heap   total 70656K, used 35720K [0x000000008a400000, 0x0000000100000000)
  region size 1024K, 4 young (4096K), 4 survivors (4096K)
 Metaspace       used 70812K, committed 71552K, reserved 1114112K
  class space    used 9254K, committed 9600K, reserved 1048576K
}
Event: 11.557 GC heap before
{Heap before GC invocations=18 (full 0):
 garbage-first heap   total 70656K, used 62344K [0x000000008a400000, 0x0000000100000000)
  region size 1024K, 30 young (30720K), 4 survivors (4096K)
 Metaspace       used 75125K, committed 75840K, reserved 1179648K
  class space    used 10003K, committed 10368K, reserved 1048576K
}
Event: 11.566 GC heap after
{Heap after GC invocations=19 (full 0):
 garbage-first heap   total 70656K, used 38855K [0x000000008a400000, 0x0000000100000000)
  region size 1024K, 3 young (3072K), 3 survivors (3072K)
 Metaspace       used 75125K, committed 75840K, reserved 1179648K
  class space    used 10003K, committed 10368K, reserved 1048576K
}
Event: 11.907 GC heap before
{Heap before GC invocations=19 (full 0):
 garbage-first heap   total 70656K, used 62407K [0x000000008a400000, 0x0000000100000000)
  region size 1024K, 27 young (27648K), 3 survivors (3072K)
 Metaspace       used 76979K, committed 77696K, reserved 1179648K
  class space    used 10386K, committed 10752K, reserved 1048576K
}
Event: 11.912 GC heap after
{Heap after GC invocations=20 (full 0):
 garbage-first heap   total 70656K, used 39709K [0x000000008a400000, 0x0000000100000000)
  region size 1024K, 2 young (2048K), 2 survivors (2048K)
 Metaspace       used 76979K, committed 77696K, reserved 1179648K
  class space    used 10386K, committed 10752K, reserved 1048576K
}
Event: 12.170 GC heap before
{Heap before GC invocations=20 (full 0):
 garbage-first heap   total 70656K, used 62237K [0x000000008a400000, 0x0000000100000000)
  region size 1024K, 25 young (25600K), 2 survivors (2048K)
 Metaspace       used 78873K, committed 79552K, reserved 1179648K
  class space    used 10619K, committed 10944K, reserved 1048576K
}
Event: 12.173 GC heap after
{Heap after GC invocations=21 (full 0):
 garbage-first heap   total 70656K, used 40040K [0x000000008a400000, 0x0000000100000000)
  region size 1024K, 2 young (2048K), 2 survivors (2048K)
 Metaspace       used 78873K, committed 79552K, reserved 1179648K
  class space    used 10619K, committed 10944K, reserved 1048576K
}
Event: 12.544 GC heap before
{Heap before GC invocations=22 (full 0):
 garbage-first heap   total 75776K, used 61544K [0x000000008a400000, 0x0000000100000000)
  region size 1024K, 24 young (24576K), 2 survivors (2048K)
 Metaspace       used 80772K, committed 81472K, reserved 1179648K
  class space    used 10895K, committed 11200K, reserved 1048576K
}
Event: 12.547 GC heap after
{Heap after GC invocations=23 (full 0):
 garbage-first heap   total 91136K, used 42274K [0x000000008a400000, 0x0000000100000000)
  region size 1024K, 3 young (3072K), 3 survivors (3072K)
 Metaspace       used 80772K, committed 81472K, reserved 1179648K
  class space    used 10895K, committed 11200K, reserved 1048576K
}
Event: 12.640 GC heap before
{Heap before GC invocations=23 (full 0):
 garbage-first heap   total 91136K, used 81186K [0x000000008a400000, 0x0000000100000000)
  region size 1024K, 41 young (41984K), 3 survivors (3072K)
 Metaspace       used 80775K, committed 81472K, reserved 1179648K
  class space    used 10895K, committed 11200K, reserved 1048576K
}
Event: 12.654 GC heap after
{Heap after GC invocations=24 (full 0):
 garbage-first heap   total 100352K, used 56280K [0x000000008a400000, 0x0000000100000000)
  region size 1024K, 6 young (6144K), 6 survivors (6144K)
 Metaspace       used 80775K, committed 81472K, reserved 1179648K
  class space    used 10895K, committed 11200K, reserved 1048576K
}
Event: 12.664 GC heap before
{Heap before GC invocations=24 (full 0):
 garbage-first heap   total 100352K, used 61400K [0x000000008a400000, 0x0000000100000000)
  region size 1024K, 12 young (12288K), 6 survivors (6144K)
 Metaspace       used 80776K, committed 81472K, reserved 1179648K
  class space    used 10895K, committed 11200K, reserved 1048576K
}
Event: 12.671 GC heap after
{Heap after GC invocations=25 (full 0):
 garbage-first heap   total 100352K, used 59530K [0x000000008a400000, 0x0000000100000000)
  region size 1024K, 3 young (3072K), 3 survivors (3072K)
 Metaspace       used 80776K, committed 81472K, reserved 1179648K
  class space    used 10895K, committed 11200K, reserved 1048576K
}
Event: 12.739 GC heap before
{Heap before GC invocations=26 (full 0):
 garbage-first heap   total 124928K, used 83082K [0x000000008a400000, 0x0000000100000000)
  region size 1024K, 25 young (25600K), 3 survivors (3072K)
 Metaspace       used 80782K, committed 81472K, reserved 1179648K
  class space    used 10895K, committed 11200K, reserved 1048576K
}
Event: 12.743 GC heap after
{Heap after GC invocations=27 (full 0):
 garbage-first heap   total 124928K, used 63166K [0x000000008a400000, 0x0000000100000000)
  region size 1024K, 3 young (3072K), 3 survivors (3072K)
 Metaspace       used 80782K, committed 81472K, reserved 1179648K
  class space    used 10895K, committed 11200K, reserved 1048576K
}
Event: 12.832 GC heap before
{Heap before GC invocations=27 (full 0):
 garbage-first heap   total 124928K, used 96958K [0x000000008a400000, 0x0000000100000000)
  region size 1024K, 36 young (36864K), 3 survivors (3072K)
 Metaspace       used 80799K, committed 81472K, reserved 1179648K
  class space    used 10895K, committed 11200K, reserved 1048576K
}
Event: 12.839 GC heap after
{Heap after GC invocations=28 (full 0):
 garbage-first heap   total 124928K, used 66259K [0x000000008a400000, 0x0000000100000000)
  region size 1024K, 5 young (5120K), 5 survivors (5120K)
 Metaspace       used 80799K, committed 81472K, reserved 1179648K
  class space    used 10895K, committed 11200K, reserved 1048576K
}
Event: 12.894 GC heap before
{Heap before GC invocations=28 (full 0):
 garbage-first heap   total 124928K, used 100051K [0x000000008a400000, 0x0000000100000000)
  region size 1024K, 38 young (38912K), 5 survivors (5120K)
 Metaspace       used 80800K, committed 81472K, reserved 1179648K
  class space    used 10895K, committed 11200K, reserved 1048576K
}

