# JRE version: Java(TM) SE Runtime Environment (21.0.3+7) (build 21.0.3+7-LTS-152)
# Java VM: Java HotSpot(TM) 64-Bit Server VM (21.0.3+7-LTS-152, mixed mode, sharing, tiered, compressed oops, compressed class ptrs, g1 gc, windows-amd64)
GC Precious Log:
 CardTable entry size: 512
 Card Set container configuration: InlinePtr #cards 5 size 8 Array Of Cards #cards 12 size 40 Howl #buckets 4 coarsen threshold 1843 Howl Bitmap #cards 512 size 80 coarsen threshold 460 Card regions per heap region 1 cards per card region 2048
 CPUs: 12 total, 12 available
 Memory: 7531M
 Large Page Support: Disabled
 NUMA Support: Disabled
 Compressed Oops: Enabled (32-bit)
 Heap Region Size: 1M
 Heap Min Capacity: 8M
 Heap Initial Capacity: 118M
 Heap Max Capacity: 1884M
 Pre-touch: Disabled
 Parallel Workers: 10
 Concurrent Workers: 3
 Concurrent Refinement Workers: 10
 Periodic GC: Disabled
Heap:
 garbage-first heap   total 66560K, used 46246K [0x000000008a400000, 0x0000000100000000)
  region size 1024K, 18 young (18432K), 3 survivors (3072K)
 Metaspace       used 68789K, committed 69440K, reserved 1114112K
  class space    used 9044K, committed 9344K, reserved 1048576K
GC Heap History (20 events):
Event: 3.527 GC heap before
{Heap before GC invocations=5 (full 0):
 garbage-first heap   total 55296K, used 40846K [0x000000008a400000, 0x0000000100000000)
  region size 1024K, 27 young (27648K), 4 survivors (4096K)
 Metaspace       used 27838K, committed 28288K, reserved 1114112K
  class space    used 3497K, committed 3712K, reserved 1048576K
}
Event: 3.531 GC heap after
{Heap after GC invocations=6 (full 0):
 garbage-first heap   total 55296K, used 19064K [0x000000008a400000, 0x0000000100000000)
  region size 1024K, 3 young (3072K), 3 survivors (3072K)
 Metaspace       used 27838K, committed 28288K, reserved 1114112K
  class space    used 3497K, committed 3712K, reserved 1048576K
}
Event: 4.067 GC heap before
{Heap before GC invocations=6 (full 0):
 garbage-first heap   total 55296K, used 42616K [0x000000008a400000, 0x0000000100000000)
  region size 1024K, 26 young (26624K), 3 survivors (3072K)
 Metaspace       used 30849K, committed 31296K, reserved 1114112K
  class space    used 3877K, committed 4096K, reserved 1048576K
}
Event: 4.072 GC heap after
{Heap after GC invocations=7 (full 0):
 garbage-first heap   total 55296K, used 20684K [0x000000008a400000, 0x0000000100000000)
  region size 1024K, 4 young (4096K), 4 survivors (4096K)
 Metaspace       used 30849K, committed 31296K, reserved 1114112K
  class space    used 3877K, committed 4096K, reserved 1048576K
}
Event: 4.793 GC heap before
{Heap before GC invocations=7 (full 0):
 garbage-first heap   total 55296K, used 44236K [0x000000008a400000, 0x0000000100000000)
  region size 1024K, 27 young (27648K), 4 survivors (4096K)
 Metaspace       used 34921K, committed 35456K, reserved 1114112K
  class space    used 4459K, committed 4672K, reserved 1048576K
}
Event: 4.799 GC heap after
{Heap after GC invocations=8 (full 0):
 garbage-first heap   total 55296K, used 22963K [0x000000008a400000, 0x0000000100000000)
  region size 1024K, 4 young (4096K), 4 survivors (4096K)
 Metaspace       used 34921K, committed 35456K, reserved 1114112K
  class space    used 4459K, committed 4672K, reserved 1048576K
}
Event: 4.859 GC heap before
{Heap before GC invocations=8 (full 0):
 garbage-first heap   total 55296K, used 26035K [0x000000008a400000, 0x0000000100000000)
  region size 1024K, 9 young (9216K), 4 survivors (4096K)
 Metaspace       used 35469K, committed 35968K, reserved 1114112K
  class space    used 4508K, committed 4736K, reserved 1048576K
}
Event: 4.863 GC heap after
{Heap after GC invocations=9 (full 0):
 garbage-first heap   total 55296K, used 24577K [0x000000008a400000, 0x0000000100000000)
  region size 1024K, 2 young (2048K), 2 survivors (2048K)
 Metaspace       used 35469K, committed 35968K, reserved 1114112K
  class space    used 4508K, committed 4736K, reserved 1048576K
}
Event: 5.515 GC heap before
{Heap before GC invocations=10 (full 0):
 garbage-first heap   total 55296K, used 46081K [0x000000008a400000, 0x0000000100000000)
  region size 1024K, 23 young (23552K), 2 survivors (2048K)
 Metaspace       used 39459K, committed 40064K, reserved 1114112K
  class space    used 4990K, committed 5248K, reserved 1048576K
}
Event: 5.518 GC heap after
{Heap after GC invocations=11 (full 0):
 garbage-first heap   total 66560K, used 25815K [0x000000008a400000, 0x0000000100000000)
  region size 1024K, 3 young (3072K), 3 survivors (3072K)
 Metaspace       used 39459K, committed 40064K, reserved 1114112K
  class space    used 4990K, committed 5248K, reserved 1048576K
}
Event: 6.624 GC heap before
{Heap before GC invocations=11 (full 0):
 garbage-first heap   total 66560K, used 53463K [0x000000008a400000, 0x0000000100000000)
  region size 1024K, 31 young (31744K), 3 survivors (3072K)
 Metaspace       used 49123K, committed 49728K, reserved 1114112K
  class space    used 6344K, committed 6656K, reserved 1048576K
}
Event: 6.633 GC heap after
{Heap after GC invocations=12 (full 0):
 garbage-first heap   total 66560K, used 27367K [0x000000008a400000, 0x0000000100000000)
  region size 1024K, 4 young (4096K), 4 survivors (4096K)
 Metaspace       used 49123K, committed 49728K, reserved 1114112K
  class space    used 6344K, committed 6656K, reserved 1048576K
}
Event: 7.719 GC heap before
{Heap before GC invocations=12 (full 0):
 garbage-first heap   total 66560K, used 56039K [0x000000008a400000, 0x0000000100000000)
  region size 1024K, 32 young (32768K), 4 survivors (4096K)
 Metaspace       used 55748K, committed 56384K, reserved 1114112K
  class space    used 7137K, committed 7424K, reserved 1048576K
}
Event: 7.724 GC heap after
{Heap after GC invocations=13 (full 0):
 garbage-first heap   total 66560K, used 29722K [0x000000008a400000, 0x0000000100000000)
  region size 1024K, 4 young (4096K), 4 survivors (4096K)
 Metaspace       used 55748K, committed 56384K, reserved 1114112K
  class space    used 7137K, committed 7424K, reserved 1048576K
}
Event: 8.176 GC heap before
{Heap before GC invocations=13 (full 0):
 garbage-first heap   total 66560K, used 47130K [0x000000008a400000, 0x0000000100000000)
  region size 1024K, 22 young (22528K), 4 survivors (4096K)
 Metaspace       used 59856K, committed 60480K, reserved 1114112K
  class space    used 7762K, committed 8064K, reserved 1048576K
}
Event: 8.180 GC heap after
{Heap after GC invocations=14 (full 0):
 garbage-first heap   total 66560K, used 31078K [0x000000008a400000, 0x0000000100000000)
  region size 1024K, 2 young (2048K), 2 survivors (2048K)
 Metaspace       used 59856K, committed 60480K, reserved 1114112K
  class space    used 7762K, committed 8064K, reserved 1048576K
}
Event: 8.688 GC heap before
{Heap before GC invocations=15 (full 0):
 garbage-first heap   total 66560K, used 57702K [0x000000008a400000, 0x0000000100000000)
  region size 1024K, 28 young (28672K), 2 survivors (2048K)
 Metaspace       used 64005K, committed 64640K, reserved 1114112K
  class space    used 8411K, committed 8704K, reserved 1048576K
}
Event: 8.690 GC heap after
{Heap after GC invocations=16 (full 0):
 garbage-first heap   total 66560K, used 31475K [0x000000008a400000, 0x0000000100000000)
  region size 1024K, 2 young (2048K), 2 survivors (2048K)
 Metaspace       used 64005K, committed 64640K, reserved 1114112K
  class space    used 8411K, committed 8704K, reserved 1048576K
}
Event: 9.035 GC heap before
{Heap before GC invocations=16 (full 0):
 garbage-first heap   total 66560K, used 59123K [0x000000008a400000, 0x0000000100000000)
  region size 1024K, 29 young (29696K), 2 survivors (2048K)
 Metaspace       used 65837K, committed 66496K, reserved 1114112K
  class space    used 8627K, committed 8896K, reserved 1048576K
}
Event: 9.043 GC heap after
{Heap after GC invocations=17 (full 0):
 garbage-first heap   total 66560K, used 31910K [0x000000008a400000, 0x0000000100000000)
  region size 1024K, 3 young (3072K), 3 survivors (3072K)
 Metaspace       used 65837K, committed 66496K, reserved 1114112K
  class space    used 8627K, committed 8896K, reserved 1048576K
}

